d:\project\jvmsecure\jvmsecure\x64\debug\vc143.pdb
d:\project\jvmsecure\jvmsecure\x64\debug\vc143.idb
d:\project\jvmsecure\jvmsecure\x64\debug\utils.obj
d:\project\jvmsecure\jvmsecure\x64\debug\loader.obj
d:\project\jvmsecure\jvmsecure\x64\debug\decryptor.obj
d:\project\jvmsecure\jvmsecure\x64\debug\classloader.obj
d:\project\jvmsecure\jvmsecure\x64\debug\jvmsecure.obj
d:\project\jvmsecure\jvmsecure\x64\debug\ce_detection.obj
d:\project\jvmsecure\x64\debug\jvmsecure.pdb
d:\project\jvmsecure\jvmsecure\x64\debug\jvmsecure.tlog\cl.command.1.tlog
d:\project\jvmsecure\jvmsecure\x64\debug\jvmsecure.tlog\cl.read.1.tlog
d:\project\jvmsecure\jvmsecure\x64\debug\jvmsecure.tlog\cl.write.1.tlog
d:\project\jvmsecure\jvmsecure\x64\debug\jvmsecure.tlog\link.56080-cvtres.read.1.tlog
d:\project\jvmsecure\jvmsecure\x64\debug\jvmsecure.tlog\link.56080-cvtres.write.1.tlog
d:\project\jvmsecure\jvmsecure\x64\debug\jvmsecure.tlog\link.56080-rc.read.1.tlog
d:\project\jvmsecure\jvmsecure\x64\debug\jvmsecure.tlog\link.56080-rc.write.1.tlog
d:\project\jvmsecure\jvmsecure\x64\debug\jvmsecure.tlog\link.56080.read.1.tlog
d:\project\jvmsecure\jvmsecure\x64\debug\jvmsecure.tlog\link.56080.read.2.tlog
d:\project\jvmsecure\jvmsecure\x64\debug\jvmsecure.tlog\link.56080.write.1.tlog
d:\project\jvmsecure\jvmsecure\x64\debug\jvmsecure.tlog\link.command.1.tlog
d:\project\jvmsecure\jvmsecure\x64\debug\jvmsecure.tlog\link.read.1.tlog
d:\project\jvmsecure\jvmsecure\x64\debug\jvmsecure.tlog\link.write.1.tlog
